c:\users\44540\sudoku\sudoku\debug\sudoku.pch.codeanalysis
c:\users\44540\sudoku\sudoku\debug\vc141.pdb
c:\users\44540\sudoku\sudoku\debug\vc141.idb
c:\users\44540\sudoku\sudoku\debug\sudoku.pch.codeanalysisast
c:\users\44540\sudoku\sudoku\debug\pch.nativecodeanalysis.xml
c:\users\44540\sudoku\sudoku\debug\pch.obj
c:\users\44540\sudoku\sudoku\debug\sudoku.nativecodeanalysis.xml
c:\users\44540\sudoku\sudoku\debug\sudoku.obj
c:\users\44540\sudoku\debug\sudoku.ilk
c:\users\44540\sudoku\debug\sudoku.exe
c:\users\44540\sudoku\debug\sudoku.pdb
c:\users\44540\sudoku\sudoku\debug\nativecodeanalysis.read.1.tlog
c:\users\44540\sudoku\sudoku\debug\vc.nativecodeanalysis.all.xml
c:\users\44540\sudoku\debug\sudoku.exe.lastcodeanalysissucceeded
c:\users\44540\sudoku\sudoku\debug\sudoku.tlog\cl.command.1.tlog
c:\users\44540\sudoku\sudoku\debug\sudoku.tlog\cl.read.1.tlog
c:\users\44540\sudoku\sudoku\debug\sudoku.tlog\cl.write.1.tlog
c:\users\44540\sudoku\sudoku\debug\sudoku.tlog\link.command.1.tlog
c:\users\44540\sudoku\sudoku\debug\sudoku.tlog\link.read.1.tlog
c:\users\44540\sudoku\sudoku\debug\sudoku.tlog\link.write.1.tlog
